[2023-08-12 14:56:22] Текст ошибки: Возникла ошибочка | Файл: C:\OSPanel\domains\new-ishop.loc\public\index.php | Строка: 13
=================
[2023-08-12 14:56:22] Текст ошибки: Возникла ошибочка | Файл: C:\OSPanel\domains\new-ishop.loc\public\index.php | Строка: 13
=================
[2023-08-12 15:42:59] Текст ошибки: Возникла ошибочка | Файл: C:\OSPanel\domains\new-ishop.loc\public\index.php | Строка: 13
=================
[2023-08-12 15:43:02] Текст ошибки: Возникла ошибочка | Файл: C:\OSPanel\domains\new-ishop.loc\public\index.php | Строка: 13
=================
[2023-08-14 11:18:47] Текст ошибки: Возникла ошибочка | Файл: C:\OSPanel\domains\new-ishop.loc\public\index.php | Строка: 13
=================
[2023-08-14 11:24:23] Текст ошибки: Undefined constant "Test" | Файл: C:\OSPanel\domains\new-ishop.loc\public\index.php | Строка: 13
=================
[2023-08-14 11:25:19] Текст ошибки: Undefined constant "Test" | Файл: C:\OSPanel\domains\new-ishop.loc\public\index.php | Строка: 13
=================
[2023-08-14 11:25:33] Текст ошибки: Undefined constant "Test" | Файл: C:\OSPanel\domains\new-ishop.loc\public\index.php | Строка: 13
=================
[2023-08-14 18:53:46] Текст ошибки: Контролер app\controllers\admin\MainController не найден | Файл: C:\OSPanel\domains\new-ishop.loc\vendor\wfm\Router.php | Строка: 47
=================
[2023-08-14 18:53:50] Текст ошибки: Контролер app\controllers\MainController не найден | Файл: C:\OSPanel\domains\new-ishop.loc\vendor\wfm\Router.php | Строка: 47
=================
[2023-08-14 18:53:51] Текст ошибки: Контролер app\controllers\MainController не найден | Файл: C:\OSPanel\domains\new-ishop.loc\vendor\wfm\Router.php | Строка: 47
=================
[2023-08-14 18:54:26] Текст ошибки: Метод app\controllers\MainController::indexAction не найден | Файл: C:\OSPanel\domains\new-ishop.loc\vendor\wfm\Router.php | Строка: 44
=================
[2023-08-14 18:56:04] Текст ошибки: Страница не найдена | Файл: C:\OSPanel\domains\new-ishop.loc\vendor\wfm\Router.php | Строка: 52
=================
[2023-08-14 18:56:07] Текст ошибки: Метод app\controllers\PageController::vieAction не найден | Файл: C:\OSPanel\domains\new-ishop.loc\vendor\wfm\Router.php | Строка: 44
=================
[2023-08-14 18:56:49] Текст ошибки: Метод app\controllers\admin\MainController::indexAction не найден | Файл: C:\OSPanel\domains\new-ishop.loc\vendor\wfm\Router.php | Строка: 44
=================
[2023-08-14 18:56:49] Текст ошибки: Метод app\controllers\admin\MainController::indexAction не найден | Файл: C:\OSPanel\domains\new-ishop.loc\vendor\wfm\Router.php | Строка: 44
=================
[2023-08-15 13:20:58] Текст ошибки: Страница не найдена | Файл: C:\OSPanel\domains\new-ishop.loc\vendor\wfm\Router.php | Строка: 52
=================
[2023-08-15 13:37:00] Текст ошибки: Страница не найдена | Файл: C:\OSPanel\domains\new-ishop.loc\vendor\wfm\Router.php | Строка: 52
=================
[2023-08-16 12:41:52] Текст ошибки: Страница не найдена | Файл: C:\OSPanel\domains\new-ishop.loc\vendor\wfm\Router.php | Строка: 62
=================
